<?xml version="1.0" encoding="UTF-8"?>
<Site BuildName="Linux-g++"
	BuildStamp="20241231-1728-Experimental"
	Name="DESK-FRED"
	Generator="ctest-3.28.3"
	CompilerName="/usr/bin/g++"
	CompilerVersion="13.3.0"
	OSName="Linux"
	Hostname="DESK-FRED"
	OSRelease="5.15.167.4-microsoft-standard-WSL2"
	OSVersion="#1 SMP Tue Nov 5 00:21:55 UTC 2024"
	OSPlatform="x86_64"
	Is64Bits="1"
	VendorString="GenuineIntel"
	VendorID="Intel Corporation"
	FamilyID="6"
	ModelID="158"
	ProcessorCacheSize="9216"
	NumberOfLogicalCPU="6"
	NumberOfPhysicalCPU="6"
	TotalVirtualMemory="2048"
	TotalPhysicalMemory="7906"
	LogicalProcessorsPerPhysical="1"
	ProcessorClockFrequency="3096.01"
	>
	<Testing>
		<StartDateTime>Dec 31 18:33 CET</StartDateTime>
		<StartTestTime>1735666439</StartTestTime>
		<TestList/>
		<EndDateTime>Dec 31 18:33 CET</EndDateTime>
		<EndTestTime>1735666439</EndTestTime>
		<ElapsedMinutes>0</ElapsedMinutes>
	</Testing>
</Site>
